<?xml version="1.0" encoding="UTF-8"?>
<!-- Generated by org.testng.reporters.JUnitXMLReporter -->
<testsuite ignored="0" hostname="shan-" failures="0" tests="2" name="Default test" time="102.091" errors="0" timestamp="2023-05-24T21:20:28 IST">
  <testcase classname="DataDrivenFramework.DataDrivenFramework_POI.DDTExcel" name="DemoProject" time="87.385"/>
  <testcase classname="DataDrivenFramework.DataDrivenFramework_POI.DDTExcel" name="DemoProject" time="10.995"/>
</testsuite> <!-- Default test -->
