<?xml version="1.0" encoding="UTF-8"?>
<testng-results ignored="0" total="2" passed="2" failed="0" skipped="0">
  <reporter-output>
  </reporter-output>
  <suite started-at="2023-05-24T21:18:46 IST" name="Default suite" finished-at="2023-05-24T21:20:28 IST" duration-ms="102091">
    <groups>
    </groups>
    <test started-at="2023-05-24T21:18:46 IST" name="Default test" finished-at="2023-05-24T21:20:28 IST" duration-ms="102091">
      <class name="DataDrivenFramework.DataDrivenFramework_POI.DDTExcel">
        <test-method signature="DemoProject(java.lang.String,java.lang.String)[pri:0, instance:DataDrivenFramework.DataDrivenFramework_POI.DDTExcel@209da20d]" started-at="2023-05-24T21:18:48 IST" name="DemoProject" data-provider="testdata" finished-at="2023-05-24T21:20:16 IST" duration-ms="87385" status="PASS">
          <params>
            <param index="0">
              <value>
                <![CDATA[TestCase]]>
              </value>
            </param>
            <param index="1">
              <value>
                <![CDATA[UserName]]>
              </value>
            </param>
          </params>
          <reporter-output>
          </reporter-output>
        </test-method> <!-- DemoProject -->
        <test-method is-config="true" signature="ProgramTermination()[pri:0, instance:DataDrivenFramework.DataDrivenFramework_POI.DDTExcel@209da20d]" started-at="2023-05-24T21:20:16 IST" name="ProgramTermination" finished-at="2023-05-24T21:20:16 IST" duration-ms="660" status="PASS">
          <reporter-output>
          </reporter-output>
        </test-method> <!-- ProgramTermination -->
        <test-method signature="DemoProject(java.lang.String,java.lang.String)[pri:0, instance:DataDrivenFramework.DataDrivenFramework_POI.DDTExcel@209da20d]" started-at="2023-05-24T21:20:16 IST" name="DemoProject" data-provider="testdata" finished-at="2023-05-24T21:20:27 IST" duration-ms="10995" status="PASS">
          <params>
            <param index="0">
              <value>
                <![CDATA[POI]]>
              </value>
            </param>
            <param index="1">
              <value>
                <![CDATA[testuser_1]]>
              </value>
            </param>
          </params>
          <reporter-output>
          </reporter-output>
        </test-method> <!-- DemoProject -->
        <test-method is-config="true" signature="ProgramTermination()[pri:0, instance:DataDrivenFramework.DataDrivenFramework_POI.DDTExcel@209da20d]" started-at="2023-05-24T21:20:27 IST" name="ProgramTermination" finished-at="2023-05-24T21:20:28 IST" duration-ms="420" status="PASS">
          <reporter-output>
          </reporter-output>
        </test-method> <!-- ProgramTermination -->
      </class> <!-- DataDrivenFramework.DataDrivenFramework_POI.DDTExcel -->
    </test> <!-- Default test -->
  </suite> <!-- Default suite -->
</testng-results>
